{"D:\\final_project\\WP_Term-project_Emotionl-Diary\\emotional-diary\\app.js": {"path":"D:\\final_project\\WP_Term-project_Emotionl-Diary\\emotional-diary\\app.js","statementMap":{"0":{"start":{"line":2,"column":16},"end":{"line":2,"column":34}},"1":{"start":{"line":3,"column":16},"end":{"line":3,"column":42}},"2":{"start":{"line":4,"column":17},"end":{"line":4,"column":36}},"3":{"start":{"line":5,"column":13},"end":{"line":5,"column":28}},"4":{"start":{"line":7,"column":0},"end":{"line":7,"column":27}},"5":{"start":{"line":8,"column":0},"end":{"line":8,"column":39}},"6":{"start":{"line":10,"column":12},"end":{"line":10,"column":21}},"7":{"start":{"line":13,"column":0},"end":{"line":13,"column":56}},"8":{"start":{"line":14,"column":0},"end":{"line":14,"column":48}},"9":{"start":{"line":15,"column":0},"end":{"line":15,"column":24}},"10":{"start":{"line":16,"column":0},"end":{"line":20,"column":4}},"11":{"start":{"line":21,"column":0},"end":{"line":21,"column":31}},"12":{"start":{"line":22,"column":0},"end":{"line":22,"column":28}},"13":{"start":{"line":25,"column":19},"end":{"line":25,"column":43}},"14":{"start":{"line":26,"column":0},"end":{"line":26,"column":25}},"15":{"start":{"line":28,"column":20},"end":{"line":28,"column":45}},"16":{"start":{"line":29,"column":0},"end":{"line":29,"column":29}},"17":{"start":{"line":31,"column":20},"end":{"line":31,"column":45}},"18":{"start":{"line":32,"column":0},"end":{"line":32,"column":29}},"19":{"start":{"line":34,"column":22},"end":{"line":34,"column":49}},"20":{"start":{"line":35,"column":0},"end":{"line":35,"column":31}},"21":{"start":{"line":38,"column":0},"end":{"line":40,"column":3}},"22":{"start":{"line":39,"column":4},"end":{"line":39,"column":63}},"23":{"start":{"line":43,"column":0},"end":{"line":52,"column":3}},"24":{"start":{"line":44,"column":26},"end":{"line":44,"column":41}},"25":{"start":{"line":45,"column":19},"end":{"line":45,"column":52}},"26":{"start":{"line":47,"column":4},"end":{"line":49,"column":5}},"27":{"start":{"line":48,"column":8},"end":{"line":48,"column":43}},"28":{"start":{"line":51,"column":4},"end":{"line":51,"column":63}},"29":{"start":{"line":55,"column":0},"end":{"line":66,"column":3}},"30":{"start":{"line":56,"column":4},"end":{"line":65,"column":7}},"31":{"start":{"line":57,"column":8},"end":{"line":60,"column":9}},"32":{"start":{"line":58,"column":12},"end":{"line":58,"column":48}},"33":{"start":{"line":59,"column":12},"end":{"line":59,"column":57}},"34":{"start":{"line":61,"column":8},"end":{"line":64,"column":11}},"35":{"start":{"line":62,"column":12},"end":{"line":62,"column":43}},"36":{"start":{"line":63,"column":12},"end":{"line":63,"column":49}},"37":{"start":{"line":69,"column":0},"end":{"line":69,"column":21}}},"fnMap":{"0":{"name":"(anonymous_0)","decl":{"start":{"line":38,"column":13},"end":{"line":38,"column":14}},"loc":{"start":{"line":38,"column":27},"end":{"line":40,"column":1}},"line":38},"1":{"name":"(anonymous_1)","decl":{"start":{"line":43,"column":23},"end":{"line":43,"column":24}},"loc":{"start":{"line":43,"column":37},"end":{"line":52,"column":1}},"line":43},"2":{"name":"(anonymous_2)","decl":{"start":{"line":55,"column":19},"end":{"line":55,"column":20}},"loc":{"start":{"line":55,"column":33},"end":{"line":66,"column":1}},"line":55},"3":{"name":"(anonymous_3)","decl":{"start":{"line":56,"column":15},"end":{"line":56,"column":16}},"loc":{"start":{"line":56,"column":30},"end":{"line":65,"column":5}},"line":56},"4":{"name":"(anonymous_4)","decl":{"start":{"line":61,"column":28},"end":{"line":61,"column":29}},"loc":{"start":{"line":61,"column":34},"end":{"line":64,"column":9}},"line":61}},"branchMap":{"0":{"loc":{"start":{"line":45,"column":26},"end":{"line":45,"column":51}},"type":"binary-expr","locations":[{"start":{"line":45,"column":26},"end":{"line":45,"column":45}},{"start":{"line":45,"column":49},"end":{"line":45,"column":51}}],"line":45},"1":{"loc":{"start":{"line":47,"column":4},"end":{"line":49,"column":5}},"type":"if","locations":[{"start":{"line":47,"column":4},"end":{"line":49,"column":5}},{"start":{},"end":{}}],"line":47},"2":{"loc":{"start":{"line":57,"column":8},"end":{"line":60,"column":9}},"type":"if","locations":[{"start":{"line":57,"column":8},"end":{"line":60,"column":9}},{"start":{},"end":{}}],"line":57}},"s":{"0":2,"1":2,"2":2,"3":2,"4":2,"5":2,"6":2,"7":2,"8":2,"9":2,"10":2,"11":2,"12":2,"13":2,"14":2,"15":2,"16":2,"17":2,"18":2,"19":2,"20":2,"21":2,"22":0,"23":2,"24":0,"25":0,"26":0,"27":0,"28":0,"29":2,"30":0,"31":0,"32":0,"33":0,"34":0,"35":0,"36":0,"37":2},"f":{"0":0,"1":0,"2":0,"3":0,"4":0},"b":{"0":[0,0],"1":[0,0],"2":[0,0]},"_coverageSchema":"1a1c01bbd47fc00a2c39e90264f33305004495a9","hash":"68b2a5b91666a194ee5b9af0c74b784aa9404933"}
,"D:\\final_project\\WP_Term-project_Emotionl-Diary\\emotional-diary\\routes\\admin.js": {"path":"D:\\final_project\\WP_Term-project_Emotionl-Diary\\emotional-diary\\routes\\admin.js","statementMap":{"0":{"start":{"line":1,"column":16},"end":{"line":1,"column":34}},"1":{"start":{"line":2,"column":15},"end":{"line":2,"column":31}},"2":{"start":{"line":3,"column":28},"end":{"line":3,"column":51}},"3":{"start":{"line":5,"column":0},"end":{"line":15,"column":5}},"4":{"start":{"line":6,"column":4},"end":{"line":14,"column":5}},"5":{"start":{"line":7,"column":17},"end":{"line":7,"column":40}},"6":{"start":{"line":8,"column":21},"end":{"line":8,"column":75}},"7":{"start":{"line":9,"column":6},"end":{"line":9,"column":23}},"8":{"start":{"line":10,"column":6},"end":{"line":10,"column":23}},"9":{"start":{"line":12,"column":6},"end":{"line":12,"column":57}},"10":{"start":{"line":13,"column":6},"end":{"line":13,"column":67}},"11":{"start":{"line":17,"column":2},"end":{"line":27,"column":5}},"12":{"start":{"line":18,"column":4},"end":{"line":26,"column":5}},"13":{"start":{"line":19,"column":17},"end":{"line":19,"column":40}},"14":{"start":{"line":20,"column":21},"end":{"line":20,"column":76}},"15":{"start":{"line":21,"column":6},"end":{"line":21,"column":23}},"16":{"start":{"line":22,"column":6},"end":{"line":22,"column":23}},"17":{"start":{"line":24,"column":6},"end":{"line":24,"column":56}},"18":{"start":{"line":25,"column":6},"end":{"line":25,"column":66}},"19":{"start":{"line":29,"column":2},"end":{"line":29,"column":26}}},"fnMap":{"0":{"name":"(anonymous_0)","decl":{"start":{"line":5,"column":27},"end":{"line":5,"column":28}},"loc":{"start":{"line":5,"column":47},"end":{"line":15,"column":3}},"line":5},"1":{"name":"(anonymous_1)","decl":{"start":{"line":17,"column":29},"end":{"line":17,"column":30}},"loc":{"start":{"line":17,"column":49},"end":{"line":27,"column":3}},"line":17}},"branchMap":{},"s":{"0":2,"1":2,"2":2,"3":2,"4":0,"5":0,"6":0,"7":0,"8":0,"9":0,"10":0,"11":2,"12":0,"13":0,"14":0,"15":0,"16":0,"17":0,"18":0,"19":2},"f":{"0":0,"1":0},"b":{},"_coverageSchema":"1a1c01bbd47fc00a2c39e90264f33305004495a9","hash":"39d114ecdeac3bcd5b968afd5cf64b9689ee2ac5"}
,"D:\\final_project\\WP_Term-project_Emotionl-Diary\\emotional-diary\\routes\\auth.js": {"path":"D:\\final_project\\WP_Term-project_Emotionl-Diary\\emotional-diary\\routes\\auth.js","statementMap":{"0":{"start":{"line":1,"column":16},"end":{"line":1,"column":34}},"1":{"start":{"line":2,"column":15},"end":{"line":2,"column":31}},"2":{"start":{"line":3,"column":17},"end":{"line":3,"column":36}},"3":{"start":{"line":4,"column":15},"end":{"line":4,"column":32}},"4":{"start":{"line":5,"column":28},"end":{"line":5,"column":51}},"5":{"start":{"line":6,"column":35},"end":{"line":6,"column":63}},"6":{"start":{"line":9,"column":0},"end":{"line":86,"column":3}},"7":{"start":{"line":15,"column":6},"end":{"line":15,"column":82}},"8":{"start":{"line":15,"column":39},"end":{"line":15,"column":82}},"9":{"start":{"line":16,"column":6},"end":{"line":16,"column":18}},"10":{"start":{"line":23,"column":19},"end":{"line":23,"column":40}},"11":{"start":{"line":24,"column":4},"end":{"line":32,"column":5}},"12":{"start":{"line":25,"column":30},"end":{"line":25,"column":76}},"13":{"start":{"line":25,"column":56},"end":{"line":25,"column":63}},"14":{"start":{"line":26,"column":8},"end":{"line":31,"column":11}},"15":{"start":{"line":34,"column":68},"end":{"line":34,"column":76}},"16":{"start":{"line":37,"column":4},"end":{"line":39,"column":5}},"17":{"start":{"line":38,"column":8},"end":{"line":38,"column":51}},"18":{"start":{"line":42,"column":4},"end":{"line":49,"column":5}},"19":{"start":{"line":43,"column":8},"end":{"line":48,"column":11}},"20":{"start":{"line":52,"column":4},"end":{"line":85,"column":5}},"21":{"start":{"line":53,"column":19},"end":{"line":53,"column":42}},"22":{"start":{"line":56,"column":29},"end":{"line":56,"column":89}},"23":{"start":{"line":58,"column":8},"end":{"line":66,"column":9}},"24":{"start":{"line":59,"column":12},"end":{"line":59,"column":29}},"25":{"start":{"line":60,"column":12},"end":{"line":65,"column":23}},"26":{"start":{"line":69,"column":31},"end":{"line":69,"column":62}},"27":{"start":{"line":72,"column":8},"end":{"line":73,"column":64}},"28":{"start":{"line":74,"column":8},"end":{"line":74,"column":25}},"29":{"start":{"line":77,"column":8},"end":{"line":77,"column":46}},"30":{"start":{"line":79,"column":8},"end":{"line":84,"column":11}},"31":{"start":{"line":89,"column":0},"end":{"line":106,"column":3}},"32":{"start":{"line":93,"column":2},"end":{"line":105,"column":21}},"33":{"start":{"line":94,"column":4},"end":{"line":94,"column":30}},"34":{"start":{"line":94,"column":13},"end":{"line":94,"column":30}},"35":{"start":{"line":95,"column":4},"end":{"line":95,"column":59}},"36":{"start":{"line":95,"column":15},"end":{"line":95,"column":59}},"37":{"start":{"line":97,"column":4},"end":{"line":104,"column":7}},"38":{"start":{"line":98,"column":6},"end":{"line":98,"column":32}},"39":{"start":{"line":98,"column":15},"end":{"line":98,"column":32}},"40":{"start":{"line":100,"column":6},"end":{"line":100,"column":39}},"41":{"start":{"line":103,"column":6},"end":{"line":103,"column":47}},"42":{"start":{"line":109,"column":0},"end":{"line":109,"column":24}}},"fnMap":{"0":{"name":"(anonymous_0)","decl":{"start":{"line":14,"column":27},"end":{"line":14,"column":28}},"loc":{"start":{"line":14,"column":47},"end":{"line":17,"column":5}},"line":14},"1":{"name":"(anonymous_1)","decl":{"start":{"line":22,"column":0},"end":{"line":22,"column":1}},"loc":{"start":{"line":22,"column":20},"end":{"line":86,"column":1}},"line":22},"2":{"name":"(anonymous_2)","decl":{"start":{"line":25,"column":49},"end":{"line":25,"column":50}},"loc":{"start":{"line":25,"column":56},"end":{"line":25,"column":63}},"line":25},"3":{"name":"(anonymous_3)","decl":{"start":{"line":91,"column":1},"end":{"line":91,"column":2}},"loc":{"start":{"line":91,"column":21},"end":{"line":106,"column":1}},"line":91},"4":{"name":"(anonymous_4)","decl":{"start":{"line":93,"column":33},"end":{"line":93,"column":34}},"loc":{"start":{"line":93,"column":54},"end":{"line":105,"column":3}},"line":93},"5":{"name":"(anonymous_5)","decl":{"start":{"line":97,"column":20},"end":{"line":97,"column":21}},"loc":{"start":{"line":97,"column":29},"end":{"line":104,"column":5}},"line":97}},"branchMap":{"0":{"loc":{"start":{"line":15,"column":6},"end":{"line":15,"column":82}},"type":"if","locations":[{"start":{"line":15,"column":6},"end":{"line":15,"column":82}},{"start":{},"end":{}}],"line":15},"1":{"loc":{"start":{"line":24,"column":4},"end":{"line":32,"column":5}},"type":"if","locations":[{"start":{"line":24,"column":4},"end":{"line":32,"column":5}},{"start":{},"end":{}}],"line":24},"2":{"loc":{"start":{"line":37,"column":4},"end":{"line":39,"column":5}},"type":"if","locations":[{"start":{"line":37,"column":4},"end":{"line":39,"column":5}},{"start":{},"end":{}}],"line":37},"3":{"loc":{"start":{"line":42,"column":4},"end":{"line":49,"column":5}},"type":"if","locations":[{"start":{"line":42,"column":4},"end":{"line":49,"column":5}},{"start":{},"end":{}}],"line":42},"4":{"loc":{"start":{"line":58,"column":8},"end":{"line":66,"column":9}},"type":"if","locations":[{"start":{"line":58,"column":8},"end":{"line":66,"column":9}},{"start":{},"end":{}}],"line":58},"5":{"loc":{"start":{"line":94,"column":4},"end":{"line":94,"column":30}},"type":"if","locations":[{"start":{"line":94,"column":4},"end":{"line":94,"column":30}},{"start":{},"end":{}}],"line":94},"6":{"loc":{"start":{"line":95,"column":4},"end":{"line":95,"column":59}},"type":"if","locations":[{"start":{"line":95,"column":4},"end":{"line":95,"column":59}},{"start":{},"end":{}}],"line":95},"7":{"loc":{"start":{"line":98,"column":6},"end":{"line":98,"column":32}},"type":"if","locations":[{"start":{"line":98,"column":6},"end":{"line":98,"column":32}},{"start":{},"end":{}}],"line":98}},"s":{"0":2,"1":2,"2":2,"3":2,"4":2,"5":2,"6":2,"7":3,"8":1,"9":2,"10":3,"11":3,"12":1,"13":1,"14":1,"15":2,"16":2,"17":2,"18":2,"19":0,"20":2,"21":2,"22":2,"23":2,"24":1,"25":1,"26":1,"27":1,"28":1,"29":1,"30":0,"31":2,"32":2,"33":0,"34":0,"35":0,"36":0,"37":0,"38":0,"39":0,"40":0,"41":0,"42":2},"f":{"0":3,"1":3,"2":1,"3":2,"4":0,"5":0},"b":{"0":[1,2],"1":[1,2],"2":[2,0],"3":[0,2],"4":[1,1],"5":[0,0],"6":[0,0],"7":[0,0]},"_coverageSchema":"1a1c01bbd47fc00a2c39e90264f33305004495a9","hash":"e2859d53381f8caa0e4dc084dc609f2ea5ee31ca"}
,"D:\\final_project\\WP_Term-project_Emotionl-Diary\\emotional-diary\\routes\\diary.js": {"path":"D:\\final_project\\WP_Term-project_Emotionl-Diary\\emotional-diary\\routes\\diary.js","statementMap":{"0":{"start":{"line":1,"column":16},"end":{"line":1,"column":34}},"1":{"start":{"line":2,"column":15},"end":{"line":2,"column":31}},"2":{"start":{"line":3,"column":28},"end":{"line":3,"column":51}},"3":{"start":{"line":4,"column":27},"end":{"line":4,"column":56}},"4":{"start":{"line":5,"column":35},"end":{"line":5,"column":63}},"5":{"start":{"line":6,"column":18},"end":{"line":6,"column":46}},"6":{"start":{"line":9,"column":0},"end":{"line":39,"column":3}},"7":{"start":{"line":15,"column":36},"end":{"line":15,"column":44}},"8":{"start":{"line":17,"column":2},"end":{"line":19,"column":3}},"9":{"start":{"line":18,"column":4},"end":{"line":18,"column":70}},"10":{"start":{"line":21,"column":2},"end":{"line":38,"column":3}},"11":{"start":{"line":23,"column":34},"end":{"line":23,"column":63}},"12":{"start":{"line":26,"column":15},"end":{"line":26,"column":38}},"13":{"start":{"line":27,"column":4},"end":{"line":31,"column":6}},"14":{"start":{"line":33,"column":4},"end":{"line":33,"column":63}},"15":{"start":{"line":34,"column":4},"end":{"line":34,"column":21}},"16":{"start":{"line":36,"column":4},"end":{"line":36,"column":59}},"17":{"start":{"line":37,"column":4},"end":{"line":37,"column":61}},"18":{"start":{"line":41,"column":0},"end":{"line":69,"column":5}},"19":{"start":{"line":46,"column":19},"end":{"line":46,"column":35}},"20":{"start":{"line":48,"column":4},"end":{"line":50,"column":5}},"21":{"start":{"line":49,"column":6},"end":{"line":49,"column":72}},"22":{"start":{"line":52,"column":4},"end":{"line":68,"column":5}},"23":{"start":{"line":53,"column":17},"end":{"line":53,"column":40}},"24":{"start":{"line":55,"column":21},"end":{"line":61,"column":7}},"25":{"start":{"line":63,"column":6},"end":{"line":63,"column":23}},"26":{"start":{"line":64,"column":6},"end":{"line":64,"column":23}},"27":{"start":{"line":66,"column":6},"end":{"line":66,"column":64}},"28":{"start":{"line":67,"column":6},"end":{"line":67,"column":63}},"29":{"start":{"line":71,"column":0},"end":{"line":71,"column":24}}},"fnMap":{"0":{"name":"(anonymous_0)","decl":{"start":{"line":14,"column":1},"end":{"line":14,"column":2}},"loc":{"start":{"line":14,"column":21},"end":{"line":39,"column":1}},"line":14},"1":{"name":"(anonymous_1)","decl":{"start":{"line":45,"column":0},"end":{"line":45,"column":1}},"loc":{"start":{"line":45,"column":20},"end":{"line":69,"column":3}},"line":45}},"branchMap":{"0":{"loc":{"start":{"line":17,"column":2},"end":{"line":19,"column":3}},"type":"if","locations":[{"start":{"line":17,"column":2},"end":{"line":19,"column":3}},{"start":{},"end":{}}],"line":17},"1":{"loc":{"start":{"line":17,"column":6},"end":{"line":17,"column":34}},"type":"binary-expr","locations":[{"start":{"line":17,"column":6},"end":{"line":17,"column":13}},{"start":{"line":17,"column":17},"end":{"line":17,"column":22}},{"start":{"line":17,"column":26},"end":{"line":17,"column":34}}],"line":17},"2":{"loc":{"start":{"line":48,"column":4},"end":{"line":50,"column":5}},"type":"if","locations":[{"start":{"line":48,"column":4},"end":{"line":50,"column":5}},{"start":{},"end":{}}],"line":48}},"s":{"0":2,"1":2,"2":2,"3":2,"4":2,"5":2,"6":2,"7":2,"8":2,"9":1,"10":1,"11":1,"12":1,"13":1,"14":1,"15":1,"16":0,"17":0,"18":2,"19":2,"20":2,"21":1,"22":1,"23":1,"24":1,"25":1,"26":1,"27":0,"28":0,"29":2},"f":{"0":2,"1":2},"b":{"0":[1,1],"1":[2,2,1],"2":[1,1]},"_coverageSchema":"1a1c01bbd47fc00a2c39e90264f33305004495a9","hash":"73a70bf25546ed7f5fdea03b031f93b9c339c667"}
,"D:\\final_project\\WP_Term-project_Emotionl-Diary\\emotional-diary\\routes\\session.js": {"path":"D:\\final_project\\WP_Term-project_Emotionl-Diary\\emotional-diary\\routes\\session.js","statementMap":{"0":{"start":{"line":1,"column":16},"end":{"line":1,"column":34}},"1":{"start":{"line":2,"column":15},"end":{"line":2,"column":31}},"2":{"start":{"line":4,"column":0},"end":{"line":12,"column":3}},"3":{"start":{"line":5,"column":17},"end":{"line":5,"column":36}},"4":{"start":{"line":7,"column":2},"end":{"line":9,"column":3}},"5":{"start":{"line":8,"column":4},"end":{"line":8,"column":60}},"6":{"start":{"line":11,"column":2},"end":{"line":11,"column":39}},"7":{"start":{"line":14,"column":0},"end":{"line":14,"column":24}}},"fnMap":{"0":{"name":"(anonymous_0)","decl":{"start":{"line":4,"column":28},"end":{"line":4,"column":29}},"loc":{"start":{"line":4,"column":42},"end":{"line":12,"column":1}},"line":4}},"branchMap":{"0":{"loc":{"start":{"line":7,"column":2},"end":{"line":9,"column":3}},"type":"if","locations":[{"start":{"line":7,"column":2},"end":{"line":9,"column":3}},{"start":{},"end":{}}],"line":7}},"s":{"0":2,"1":2,"2":2,"3":0,"4":0,"5":0,"6":0,"7":2},"f":{"0":0},"b":{"0":[0,0]},"_coverageSchema":"1a1c01bbd47fc00a2c39e90264f33305004495a9","hash":"af3a43274d31dd9b3fc0d0acfc200967050eae50"}
,"D:\\final_project\\WP_Term-project_Emotionl-Diary\\emotional-diary\\server\\passport.js": {"path":"D:\\final_project\\WP_Term-project_Emotionl-Diary\\emotional-diary\\server\\passport.js","statementMap":{"0":{"start":{"line":1,"column":22},"end":{"line":1,"column":56}},"1":{"start":{"line":2,"column":15},"end":{"line":2,"column":32}},"2":{"start":{"line":3,"column":28},"end":{"line":3,"column":51}},"3":{"start":{"line":6,"column":0},"end":{"line":50,"column":2}},"4":{"start":{"line":9,"column":2},"end":{"line":36,"column":6}},"5":{"start":{"line":13,"column":4},"end":{"line":35,"column":5}},"6":{"start":{"line":15,"column":17},"end":{"line":15,"column":40}},"7":{"start":{"line":18,"column":19},"end":{"line":18,"column":79}},"8":{"start":{"line":19,"column":6},"end":{"line":19,"column":23}},"9":{"start":{"line":22,"column":6},"end":{"line":22,"column":66}},"10":{"start":{"line":22,"column":17},"end":{"line":22,"column":66}},"11":{"start":{"line":25,"column":22},"end":{"line":25,"column":67}},"12":{"start":{"line":26,"column":6},"end":{"line":26,"column":76}},"13":{"start":{"line":26,"column":20},"end":{"line":26,"column":76}},"14":{"start":{"line":30,"column":6},"end":{"line":30,"column":30}},"15":{"start":{"line":34,"column":6},"end":{"line":34,"column":23}},"16":{"start":{"line":39,"column":2},"end":{"line":41,"column":5}},"17":{"start":{"line":40,"column":4},"end":{"line":40,"column":28}},"18":{"start":{"line":44,"column":2},"end":{"line":49,"column":5}},"19":{"start":{"line":45,"column":15},"end":{"line":45,"column":38}},"20":{"start":{"line":46,"column":17},"end":{"line":46,"column":75}},"21":{"start":{"line":47,"column":4},"end":{"line":47,"column":21}},"22":{"start":{"line":48,"column":4},"end":{"line":48,"column":21}}},"fnMap":{"0":{"name":"(anonymous_0)","decl":{"start":{"line":6,"column":17},"end":{"line":6,"column":18}},"loc":{"start":{"line":6,"column":37},"end":{"line":50,"column":1}},"line":6},"1":{"name":"(anonymous_1)","decl":{"start":{"line":12,"column":5},"end":{"line":12,"column":6}},"loc":{"start":{"line":12,"column":38},"end":{"line":36,"column":3}},"line":12},"2":{"name":"(anonymous_2)","decl":{"start":{"line":39,"column":25},"end":{"line":39,"column":26}},"loc":{"start":{"line":39,"column":41},"end":{"line":41,"column":3}},"line":39},"3":{"name":"(anonymous_3)","decl":{"start":{"line":44,"column":27},"end":{"line":44,"column":28}},"loc":{"start":{"line":44,"column":47},"end":{"line":49,"column":3}},"line":44}},"branchMap":{"0":{"loc":{"start":{"line":22,"column":6},"end":{"line":22,"column":66}},"type":"if","locations":[{"start":{"line":22,"column":6},"end":{"line":22,"column":66}},{"start":{},"end":{}}],"line":22},"1":{"loc":{"start":{"line":26,"column":6},"end":{"line":26,"column":76}},"type":"if","locations":[{"start":{"line":26,"column":6},"end":{"line":26,"column":76}},{"start":{},"end":{}}],"line":26}},"s":{"0":2,"1":2,"2":2,"3":2,"4":2,"5":0,"6":0,"7":0,"8":0,"9":0,"10":0,"11":0,"12":0,"13":0,"14":0,"15":0,"16":2,"17":1,"18":2,"19":0,"20":0,"21":0,"22":0},"f":{"0":2,"1":0,"2":1,"3":0},"b":{"0":[0,0],"1":[0,0]},"_coverageSchema":"1a1c01bbd47fc00a2c39e90264f33305004495a9","hash":"3ebee962640429c1563d6c17773bc909d999d5e8"}
,"D:\\final_project\\WP_Term-project_Emotionl-Diary\\emotional-diary\\services\\openai.js": {"path":"D:\\final_project\\WP_Term-project_Emotionl-Diary\\emotional-diary\\services\\openai.js","statementMap":{"0":{"start":{"line":1,"column":15},"end":{"line":1,"column":32}},"1":{"start":{"line":2,"column":0},"end":{"line":2,"column":27}},"2":{"start":{"line":4,"column":15},"end":{"line":6,"column":2}},"3":{"start":{"line":13,"column":0},"end":{"line":42,"column":2}},"4":{"start":{"line":14,"column":17},"end":{"line":27,"column":1}},"5":{"start":{"line":29,"column":2},"end":{"line":41,"column":3}},"6":{"start":{"line":30,"column":16},"end":{"line":34,"column":6}},"7":{"start":{"line":36,"column":25},"end":{"line":36,"column":55}},"8":{"start":{"line":37,"column":4},"end":{"line":37,"column":36}},"9":{"start":{"line":39,"column":4},"end":{"line":39,"column":56}},"10":{"start":{"line":40,"column":4},"end":{"line":40,"column":56}}},"fnMap":{"0":{"name":"(anonymous_0)","decl":{"start":{"line":13,"column":25},"end":{"line":13,"column":26}},"loc":{"start":{"line":13,"column":44},"end":{"line":42,"column":1}},"line":13}},"branchMap":{},"s":{"0":1,"1":1,"2":1,"3":1,"4":0,"5":0,"6":0,"7":0,"8":0,"9":0,"10":0},"f":{"0":0},"b":{},"_coverageSchema":"1a1c01bbd47fc00a2c39e90264f33305004495a9","hash":"a1c4dea62c14ff3d0ea9fc93adc1e1102fc3cb7d"}
}
