TN:
SF:app.js
FN:38,(anonymous_0)
FN:43,(anonymous_1)
FN:55,(anonymous_2)
FN:56,(anonymous_3)
FN:61,(anonymous_4)
FNF:5
FNH:0
FNDA:0,(anonymous_0)
FNDA:0,(anonymous_1)
FNDA:0,(anonymous_2)
FNDA:0,(anonymous_3)
FNDA:0,(anonymous_4)
DA:2,2
DA:3,2
DA:4,2
DA:5,2
DA:7,2
DA:8,2
DA:10,2
DA:13,2
DA:14,2
DA:15,2
DA:16,2
DA:21,2
DA:22,2
DA:25,2
DA:26,2
DA:28,2
DA:29,2
DA:31,2
DA:32,2
DA:34,2
DA:35,2
DA:38,2
DA:39,0
DA:43,2
DA:44,0
DA:45,0
DA:47,0
DA:48,0
DA:51,0
DA:55,2
DA:56,0
DA:57,0
DA:58,0
DA:59,0
DA:61,0
DA:62,0
DA:63,0
DA:69,2
LF:38
LH:25
BRDA:45,0,0,0
BRDA:45,0,1,0
BRDA:47,1,0,0
BRDA:47,1,1,0
BRDA:57,2,0,0
BRDA:57,2,1,0
BRF:6
BRH:0
end_of_record
TN:
SF:routes\admin.js
FN:5,(anonymous_0)
FN:17,(anonymous_1)
FNF:2
FNH:0
FNDA:0,(anonymous_0)
FNDA:0,(anonymous_1)
DA:1,2
DA:2,2
DA:3,2
DA:5,2
DA:6,0
DA:7,0
DA:8,0
DA:9,0
DA:10,0
DA:12,0
DA:13,0
DA:17,2
DA:18,0
DA:19,0
DA:20,0
DA:21,0
DA:22,0
DA:24,0
DA:25,0
DA:29,2
LF:20
LH:6
BRF:0
BRH:0
end_of_record
TN:
SF:routes\auth.js
FN:14,(anonymous_0)
FN:22,(anonymous_1)
FN:25,(anonymous_2)
FN:91,(anonymous_3)
FN:93,(anonymous_4)
FN:97,(anonymous_5)
FNF:6
FNH:4
FNDA:3,(anonymous_0)
FNDA:3,(anonymous_1)
FNDA:1,(anonymous_2)
FNDA:2,(anonymous_3)
FNDA:0,(anonymous_4)
FNDA:0,(anonymous_5)
DA:1,2
DA:2,2
DA:3,2
DA:4,2
DA:5,2
DA:6,2
DA:9,2
DA:15,3
DA:16,2
DA:23,3
DA:24,3
DA:25,1
DA:26,1
DA:34,2
DA:37,2
DA:38,2
DA:42,2
DA:43,0
DA:52,2
DA:53,2
DA:56,2
DA:58,2
DA:59,1
DA:60,1
DA:69,1
DA:72,1
DA:74,1
DA:77,1
DA:79,0
DA:89,2
DA:93,2
DA:94,0
DA:95,0
DA:97,0
DA:98,0
DA:100,0
DA:103,0
DA:109,2
LF:38
LH:30
BRDA:15,0,0,1
BRDA:15,0,1,2
BRDA:24,1,0,1
BRDA:24,1,1,2
BRDA:37,2,0,2
BRDA:37,2,1,0
BRDA:42,3,0,0
BRDA:42,3,1,2
BRDA:58,4,0,1
BRDA:58,4,1,1
BRDA:94,5,0,0
BRDA:94,5,1,0
BRDA:95,6,0,0
BRDA:95,6,1,0
BRDA:98,7,0,0
BRDA:98,7,1,0
BRF:16
BRH:8
end_of_record
TN:
SF:routes\diary.js
FN:14,(anonymous_0)
FN:45,(anonymous_1)
FNF:2
FNH:2
FNDA:2,(anonymous_0)
FNDA:2,(anonymous_1)
DA:1,2
DA:2,2
DA:3,2
DA:4,2
DA:5,2
DA:6,2
DA:9,2
DA:15,2
DA:17,2
DA:18,1
DA:21,1
DA:23,1
DA:26,1
DA:27,1
DA:33,1
DA:34,1
DA:36,0
DA:37,0
DA:41,2
DA:46,2
DA:48,2
DA:49,1
DA:52,1
DA:53,1
DA:55,1
DA:63,1
DA:64,1
DA:66,0
DA:67,0
DA:71,2
LF:30
LH:26
BRDA:17,0,0,1
BRDA:17,0,1,1
BRDA:17,1,0,2
BRDA:17,1,1,2
BRDA:17,1,2,1
BRDA:48,2,0,1
BRDA:48,2,1,1
BRF:7
BRH:7
end_of_record
TN:
SF:routes\session.js
FN:4,(anonymous_0)
FNF:1
FNH:0
FNDA:0,(anonymous_0)
DA:1,2
DA:2,2
DA:4,2
DA:5,0
DA:7,0
DA:8,0
DA:11,0
DA:14,2
LF:8
LH:4
BRDA:7,0,0,0
BRDA:7,0,1,0
BRF:2
BRH:0
end_of_record
TN:
SF:server\passport.js
FN:6,(anonymous_0)
FN:12,(anonymous_1)
FN:39,(anonymous_2)
FN:44,(anonymous_3)
FNF:4
FNH:2
FNDA:2,(anonymous_0)
FNDA:0,(anonymous_1)
FNDA:1,(anonymous_2)
FNDA:0,(anonymous_3)
DA:1,2
DA:2,2
DA:3,2
DA:6,2
DA:9,2
DA:13,0
DA:15,0
DA:18,0
DA:19,0
DA:22,0
DA:25,0
DA:26,0
DA:30,0
DA:34,0
DA:39,2
DA:40,1
DA:44,2
DA:45,0
DA:46,0
DA:47,0
DA:48,0
LF:21
LH:8
BRDA:22,0,0,0
BRDA:22,0,1,0
BRDA:26,1,0,0
BRDA:26,1,1,0
BRF:4
BRH:0
end_of_record
TN:
SF:services\openai.js
FN:13,(anonymous_0)
FNF:1
FNH:0
FNDA:0,(anonymous_0)
DA:1,1
DA:2,1
DA:4,1
DA:13,1
DA:14,0
DA:29,0
DA:30,0
DA:36,0
DA:37,0
DA:39,0
DA:40,0
LF:11
LH:4
BRF:0
BRH:0
end_of_record
