TN:
SF:app.js
FN:32,(anonymous_0)
FN:37,(anonymous_1)
FN:38,(anonymous_2)
FN:43,(anonymous_3)
FNF:4
FNH:0
FNDA:0,(anonymous_0)
FNDA:0,(anonymous_1)
FNDA:0,(anonymous_2)
FNDA:0,(anonymous_3)
DA:2,2
DA:3,2
DA:4,2
DA:5,2
DA:7,2
DA:8,2
DA:10,2
DA:13,2
DA:14,2
DA:15,2
DA:16,2
DA:21,2
DA:22,2
DA:25,2
DA:26,2
DA:28,2
DA:29,2
DA:32,2
DA:33,0
DA:37,2
DA:38,0
DA:39,0
DA:40,0
DA:41,0
DA:43,0
DA:44,0
DA:49,2
LF:27
LH:20
BRDA:39,0,0,0
BRDA:39,0,1,0
BRF:2
BRH:0
end_of_record
TN:
SF:routes\auth.js
FN:7,(anonymous_0)
FN:57,(anonymous_1)
FN:58,(anonymous_2)
FN:62,(anonymous_3)
FNF:4
FNH:2
FNDA:3,(anonymous_0)
FNDA:2,(anonymous_1)
FNDA:0,(anonymous_2)
FNDA:0,(anonymous_3)
DA:1,2
DA:2,2
DA:3,2
DA:4,2
DA:7,2
DA:8,3
DA:11,3
DA:14,3
DA:15,1
DA:23,3
DA:24,3
DA:27,3
DA:29,3
DA:30,1
DA:31,1
DA:40,2
DA:42,2
DA:45,2
DA:47,1
DA:57,2
DA:58,2
DA:59,0
DA:60,0
DA:62,0
DA:63,0
DA:66,0
DA:71,2
LF:27
LH:22
BRDA:14,0,0,1
BRDA:14,0,1,2
BRDA:29,1,0,1
BRDA:29,1,1,2
BRDA:59,2,0,0
BRDA:59,2,1,0
BRDA:60,3,0,0
BRDA:60,3,1,0
BRDA:63,4,0,0
BRDA:63,4,1,0
BRF:10
BRH:4
end_of_record
TN:
SF:routes\diary.js
FN:6,(anonymous_0)
FN:33,(anonymous_1)
FNF:2
FNH:2
FNDA:2,(anonymous_0)
FNDA:2,(anonymous_1)
DA:1,2
DA:2,2
DA:3,2
DA:4,2
DA:6,2
DA:7,2
DA:9,2
DA:10,1
DA:13,1
DA:15,1
DA:18,1
DA:19,1
DA:25,1
DA:26,1
DA:28,0
DA:29,0
DA:33,2
DA:34,2
DA:36,2
DA:37,1
DA:40,1
DA:41,1
DA:43,1
DA:51,1
DA:52,1
DA:54,0
DA:55,0
DA:59,2
LF:28
LH:24
BRDA:9,0,0,1
BRDA:9,0,1,1
BRDA:9,1,0,2
BRDA:9,1,1,2
BRDA:9,1,2,1
BRDA:36,2,0,1
BRDA:36,2,1,1
BRF:7
BRH:7
end_of_record
TN:
SF:server\passport.js
FN:5,(anonymous_0)
FN:11,(anonymous_1)
FN:36,(anonymous_2)
FN:41,(anonymous_3)
FNF:4
FNH:2
FNDA:2,(anonymous_0)
FNDA:0,(anonymous_1)
FNDA:1,(anonymous_2)
FNDA:0,(anonymous_3)
DA:1,2
DA:2,2
DA:5,2
DA:8,2
DA:12,0
DA:14,0
DA:17,0
DA:18,0
DA:21,0
DA:24,0
DA:27,0
DA:31,0
DA:36,2
DA:37,1
DA:41,2
DA:42,0
DA:43,0
DA:44,0
DA:45,0
LF:19
LH:7
BRDA:21,0,0,0
BRDA:21,0,1,0
BRDA:24,1,0,0
BRDA:24,1,1,0
BRF:4
BRH:0
end_of_record
TN:
SF:services\openai.js
FN:13,(anonymous_0)
FNF:1
FNH:0
FNDA:0,(anonymous_0)
DA:1,1
DA:2,1
DA:4,1
DA:13,1
DA:14,0
DA:29,0
DA:30,0
DA:36,0
DA:37,0
DA:39,0
DA:40,0
LF:11
LH:4
BRF:0
BRH:0
end_of_record
